⚠️ No Firebase service account file found (dev mode)
Error getting user: Error: 8 RESOURCE_EXHAUSTED: Quota exceeded.
    at Object.callErrorFromStatus (C:\Users\MEIK20\Downloads\SalesCompanion_2\SalesCompanion\node_modules\@grpc\grpc-js\build\src\call.js:31:19)
    at Object.onReceiveStatus (C:\Users\MEIK20\Downloads\SalesCompanion_2\SalesCompanion\node_modules\@grpc\grpc-js\build\src\client.js:352:49)
    at Object.onReceiveStatus (C:\Users\MEIK20\Downloads\SalesCompanion_2\SalesCompanion\node_modules\@grpc\grpc-js\build\src\client-interceptors.js:328:181)
    at C:\Users\MEIK20\Downloads\SalesCompanion_2\SalesCompanion\node_modules\@grpc\grpc-js\build\src\call-stream.js:188:78
    at process.processTicksAndRejections (node:internal/process/task_queues:77:11)
for call at
    at ServiceClientImpl.makeServerStreamRequest (C:\Users\MEIK20\Downloads\SalesCompanion_2\SalesCompanion\node_modules\@grpc\grpc-js\build\src\client.js:336:30)
    at ServiceClientImpl.<anonymous> (C:\Users\MEIK20\Downloads\SalesCompanion_2\SalesCompanion\node_modules\@grpc\grpc-js\build\src\make-client.js:105:19)
    at C:\Users\MEIK20\Downloads\SalesCompanion_2\SalesCompanion\node_modules\@google-cloud\firestore\build\src\v1\firestore_client.js:205:29
    at C:\Users\MEIK20\Downloads\SalesCompanion_2\SalesCompanion\node_modules\google-gax\build\src\streamingCalls\streamingApiCaller.js:38:28
    at C:\Users\MEIK20\Downloads\SalesCompanion_2\SalesCompanion\node_modules\google-gax\build\src\normalCalls\timeout.js:44:16
    at Object.request (C:\Users\MEIK20\Downloads\SalesCompanion_2\SalesCompanion\node_modules\google-gax\build\src\streamingCalls\streaming.js:126:40)
    at makeRequest (C:\Users\MEIK20\Downloads\SalesCompanion_2\SalesCompanion\node_modules\retry-request\index.js:139:28)
    at retryRequest (C:\Users\MEIK20\Downloads\SalesCompanion_2\SalesCompanion\node_modules\retry-request\index.js:107:5)
    at StreamProxy.setStream (C:\Users\MEIK20\Downloads\SalesCompanion_2\SalesCompanion\node_modules\google-gax\build\src\streamingCalls\streaming.js:117:37)
    at StreamingApiCaller.call (C:\Users\MEIK20\Downloads\SalesCompanion_2\SalesCompanion\node_modules\google-gax\build\src\streamingCalls\streamingApiCaller.js:54:16)
Caused by: Error
    at Firestore.getAll (C:\Users\MEIK20\Downloads\SalesCompanion_2\SalesCompanion\node_modules\@google-cloud\firestore\build\src\index.js:902:23)
    at DocumentReference.get (C:\Users\MEIK20\Downloads\SalesCompanion_2\SalesCompanion\node_modules\@google-cloud\firestore\build\src\reference.js:211:32)
    at getUser (C:\Users\MEIK20\Downloads\SalesCompanion_2\SalesCompanion\server\firestore-operations.js:40:59)
    at C:\Users\MEIK20\Downloads\SalesCompanion_2\SalesCompanion\server\server-firebase.js:417:22
    at process.processTicksAndRejections (node:internal/process/task_queues:95:5) {
  code: 8,
  details: 'Quota exceeded.',
  metadata: Metadata {
    internalRepr: Map(1) { 'x-debug-tracking-id' => [Array] },
    options: {}
  }
}
[Admin Login] Could not load Firestore user profile: 8 RESOURCE_EXHAUSTED: Quota exceeded.
Error logging usage: 8 RESOURCE_EXHAUSTED: Quota exceeded.
